Using pre-set license

 COMMAND LINE ARGUMENTS:
/Applications/Unity/Hub/Editor/2020.3.6f1/Unity.app/Contents/MacOS/Unity
-adb2
-batchMode
-noUpm
-name
AssetImportWorker0
-projectPath
/Users/shimazutsunehiko/GitHub/Iwanna4Udemy
-logFile
Logs/AssetImportWorker0.log
-srvPort
49601
Successfully changed project path to: /Users/shimazutsunehiko/GitHub/Iwanna4Udemy
/Users/shimazutsunehiko/GitHub/Iwanna4Udemy
Using Asset Import Pipeline V2.
Refreshing native plugins compatible for Editor in 42.88 ms, found 2 plugins.
Preloading 0 native plugins for Editor in 0.00 ms.
Initialize engine version: 2020.3.6f1 (338bb68529b2)
[Subsystems] Discovering subsystems at path /Applications/Unity/Hub/Editor/2020.3.6f1/Unity.app/Contents/Resources/UnitySubsystems
[Subsystems] Discovering subsystems at path /Users/shimazutsunehiko/GitHub/Iwanna4Udemy/Assets
GfxDevice: creating device client; threaded=0
2021-07-04 08:20:26.010 Unity[1661:27292] iMac preferred device: AMD Radeon Pro 555 (high power)
2021-07-04 08:20:26.010 Unity[1661:27292] Metal devices available: 1
2021-07-04 08:20:26.011 Unity[1661:27292] 0: AMD Radeon Pro 555 (high power)
2021-07-04 08:20:26.011 Unity[1661:27292] Using device AMD Radeon Pro 555 (high power)
Initializing Metal device caps: AMD Radeon Pro 555
Initialize mono
Mono path[0] = '/Applications/Unity/Hub/Editor/2020.3.6f1/Unity.app/Contents/Managed'
Mono path[1] = '/Applications/Unity/Hub/Editor/2020.3.6f1/Unity.app/Contents/MonoBleedingEdge/lib/mono/unityjit'
Mono config path = '/Applications/Unity/Hub/Editor/2020.3.6f1/Unity.app/Contents/MonoBleedingEdge/etc'
Using monoOptions --debugger-agent=transport=dt_socket,embedding=1,server=y,suspend=n,address=127.0.0.1:56661
Begin MonoManager ReloadAssembly
Registering precompiled unity dll's ...
Register platform support module: /Applications/Unity/Hub/Editor/2020.3.6f1/PlaybackEngines/WebGLSupport/UnityEditor.WebGL.Extensions.dll
Register platform support module: /Applications/Unity/Hub/Editor/2020.3.6f1/Unity.app/Contents/PlaybackEngines/MacStandaloneSupport/UnityEditor.OSXStandalone.Extensions.dll
Registered in 0.000916 seconds.
Native extension for OSXStandalone target not found
Native extension for WebGL target not found
Refreshing native plugins compatible for Editor in 41.92 ms, found 2 plugins.
Preloading 0 native plugins for Editor in 0.00 ms.
Mono: successfully reloaded assembly
- Completed reload, in  3.697 seconds
Platform modules already initialized, skipping
Registering precompiled user dll's ...
Registered in 0.000636 seconds.
Begin MonoManager ReloadAssembly
Native extension for OSXStandalone target not found
Native extension for WebGL target not found
Refreshing native plugins compatible for Editor in 43.05 ms, found 2 plugins.
Preloading 0 native plugins for Editor in 0.00 ms.
Mono: successfully reloaded assembly
- Completed reload, in  1.372 seconds
Platform modules already initialized, skipping
========================================================================
Worker process is ready to serve import requests
Launching external process: /Applications/Unity/Hub/Editor/2020.3.6f1/Unity.app/Contents/Tools/UnityShaderCompiler
Launched and connected shader compiler UnityShaderCompiler after 0.01 seconds
Refreshing native plugins compatible for Editor in 0.52 ms, found 2 plugins.
Preloading 0 native plugins for Editor in 0.00 ms.
Unloading 1808 Unused Serialized files (Serialized files now loaded: 0)
System memory in use before: 147.4 MB.
System memory in use after: 147.4 MB.

Unloading 24 unused Assets to reduce memory usage. Loaded Objects now: 2251.
Total: 2.570013 ms (FindLiveObjects: 0.211239 ms CreateObjectMapping: 0.061322 ms MarkObjects: 2.111874 ms  DeleteObjects: 0.184637 ms)

========================================================================
Received Import Request.
  path: Assets/Images/sprBow_0.png
  artifactKey: Guid(e430f19d9c1ad49feafa3ff4acd90144) Importer(815301076,1909f56bfc062723c751e8b465ee728b)
Start importing Assets/Images/sprBow_0.png using Guid(e430f19d9c1ad49feafa3ff4acd90144) Importer(815301076,1909f56bfc062723c751e8b465ee728b)  -> (artifact id: '9f5334b23ee3e6dd80a68039234a6c31') in 2.466517 seconds
  Import took 2.495906 seconds .

========================================================================
Received Import Request.
  Time since last request: 0.000404 seconds.
  path: Assets/Images/key.png
  artifactKey: Guid(389318da8070b43a59b2a9574f438763) Importer(815301076,1909f56bfc062723c751e8b465ee728b)
Start importing Assets/Images/key.png using Guid(389318da8070b43a59b2a9574f438763) Importer(815301076,1909f56bfc062723c751e8b465ee728b)  -> (artifact id: '958c6407f23d4322306b98f5bed9cb9b') in 0.008422 seconds
  Import took 0.018738 seconds .

========================================================================
Received Import Request.
  Time since last request: 0.000231 seconds.
  path: Assets/Images/tile.png
  artifactKey: Guid(169d22647420140b39a35fb7e7865f66) Importer(815301076,1909f56bfc062723c751e8b465ee728b)
Start importing Assets/Images/tile.png using Guid(169d22647420140b39a35fb7e7865f66) Importer(815301076,1909f56bfc062723c751e8b465ee728b)  -> (artifact id: '3bfe3ea3be6cacea3e76d9d3b138ff4e') in 0.029428 seconds
  Import took 0.032865 seconds .

========================================================================
Received Import Request.
  Time since last request: 0.000298 seconds.
  path: Assets/Images
  artifactKey: Guid(2f93dc0e6ee4c4d358384972eecdf5fb) Importer(815301076,1909f56bfc062723c751e8b465ee728b)
Start importing Assets/Images using Guid(2f93dc0e6ee4c4d358384972eecdf5fb) Importer(815301076,1909f56bfc062723c751e8b465ee728b)  -> (artifact id: '240585697d6c8aa102ae19b32a6aa56f') in 0.001241 seconds
  Import took 0.004424 seconds .

========================================================================
Received Import Request.
  Time since last request: 0.000207 seconds.
  path: Assets/Images/Door.png
  artifactKey: Guid(7e10ee7acd5a94fcf887ce49925c37b8) Importer(815301076,1909f56bfc062723c751e8b465ee728b)
Start importing Assets/Images/Door.png using Guid(7e10ee7acd5a94fcf887ce49925c37b8) Importer(815301076,1909f56bfc062723c751e8b465ee728b)  -> (artifact id: '619d6a0a1cdebb31289ec43b1315acdc') in 0.028020 seconds
  Import took 0.038191 seconds .

========================================================================
Received Import Request.
  Time since last request: 0.000239 seconds.
  path: Assets/Images/trap.png
  artifactKey: Guid(b27fac65b4f5340028b45fb0c446cfbf) Importer(815301076,1909f56bfc062723c751e8b465ee728b)
Start importing Assets/Images/trap.png using Guid(b27fac65b4f5340028b45fb0c446cfbf) Importer(815301076,1909f56bfc062723c751e8b465ee728b)  -> (artifact id: '5c02ecbf0e0cabbc4e8e7b86d628e69d') in 0.037642 seconds
  Import took 0.041783 seconds .

========================================================================
Received Import Request.
  Time since last request: 0.000216 seconds.
  path: Assets/Images/Guy Tile Sheet.png
  artifactKey: Guid(1e3e66a7a55b54d5e9b551c24bd9e961) Importer(815301076,1909f56bfc062723c751e8b465ee728b)
Start importing Assets/Images/Guy Tile Sheet.png using Guid(1e3e66a7a55b54d5e9b551c24bd9e961) Importer(815301076,1909f56bfc062723c751e8b465ee728b)  -> (artifact id: '156e955b336229b2b78edfb3a872be0d') in 0.029431 seconds
  Import took 0.047411 seconds .

========================================================================
Received Import Request.
  Time since last request: 19.273155 seconds.
  path: Assets/Images/Door.png
  artifactKey: Guid(7e10ee7acd5a94fcf887ce49925c37b8) Importer(815301076,1909f56bfc062723c751e8b465ee728b)
Start importing Assets/Images/Door.png using Guid(7e10ee7acd5a94fcf887ce49925c37b8) Importer(815301076,1909f56bfc062723c751e8b465ee728b)  -> (artifact id: 'bbbf3dc1c59d7000a4590a266d93f641') in 0.044479 seconds
  Import took 0.047249 seconds .

========================================================================
Received Import Request.
  Time since last request: 0.000266 seconds.
  path: Assets/Images/sprBow_0.png
  artifactKey: Guid(e430f19d9c1ad49feafa3ff4acd90144) Importer(815301076,1909f56bfc062723c751e8b465ee728b)
Start importing Assets/Images/sprBow_0.png using Guid(e430f19d9c1ad49feafa3ff4acd90144) Importer(815301076,1909f56bfc062723c751e8b465ee728b)  -> (artifact id: '4ac9bcca26f9054ab1ec63db3eaf394d') in 0.030733 seconds
  Import took 0.033678 seconds .

========================================================================
Received Import Request.
  Time since last request: 0.000237 seconds.
  path: Assets/Images/key.png
  artifactKey: Guid(389318da8070b43a59b2a9574f438763) Importer(815301076,1909f56bfc062723c751e8b465ee728b)
Start importing Assets/Images/key.png using Guid(389318da8070b43a59b2a9574f438763) Importer(815301076,1909f56bfc062723c751e8b465ee728b)  -> (artifact id: '80db880ee0d0f505a0ff3e0087f030a2') in 0.031403 seconds
  Import took 0.044622 seconds .

========================================================================
Received Import Request.
  Time since last request: 0.000338 seconds.
  path: Assets/Images/tile.png
  artifactKey: Guid(169d22647420140b39a35fb7e7865f66) Importer(815301076,1909f56bfc062723c751e8b465ee728b)
Start importing Assets/Images/tile.png using Guid(169d22647420140b39a35fb7e7865f66) Importer(815301076,1909f56bfc062723c751e8b465ee728b)  -> (artifact id: 'f3d25c2be680bad217c55c54202e313b') in 0.035837 seconds
  Import took 0.039428 seconds .

========================================================================
Received Import Request.
  Time since last request: 0.000235 seconds.
  path: Assets/Images/trap.png
  artifactKey: Guid(b27fac65b4f5340028b45fb0c446cfbf) Importer(815301076,1909f56bfc062723c751e8b465ee728b)
Start importing Assets/Images/trap.png using Guid(b27fac65b4f5340028b45fb0c446cfbf) Importer(815301076,1909f56bfc062723c751e8b465ee728b)  -> (artifact id: '180024539bf030ed7096e2b29ecbd329') in 0.043139 seconds
  Import took 0.046115 seconds .

========================================================================
Received Import Request.
  Time since last request: 0.000286 seconds.
  path: Assets/Images/Guy Tile Sheet.png
  artifactKey: Guid(1e3e66a7a55b54d5e9b551c24bd9e961) Importer(815301076,1909f56bfc062723c751e8b465ee728b)
Start importing Assets/Images/Guy Tile Sheet.png using Guid(1e3e66a7a55b54d5e9b551c24bd9e961) Importer(815301076,1909f56bfc062723c751e8b465ee728b)  -> (artifact id: 'fc0c72e59ebf323b2533f6e04bb7578c') in 0.031510 seconds
  Import took 0.034768 seconds .

